<!DOCTYPE html PUBLIC "-//W3C//DTD XHTML 1.1//EN" "https://www.w3.org/TR/xhtml11/DTD/xhtml11.dtd">
<html xmlns="https://www.w3.org/1999/xhtml">
<head>
<meta http-equiv="content-type" content="text/html; charset=UTF-8"/>
<title>TestNG Report</title>
<style type="text/css">table {margin-bottom:10px;border-collapse:collapse;empty-cells:show}th,td {border:1px solid #009;padding:.25em .5em}th {vertical-align:bottom}td {vertical-align:top}table a {font-weight:bold}.stripe td {background-color: #E6EBF9}.num {text-align:right}.passedodd td {background-color: #3F3}.passedeven td {background-color: #0A0}.skippedodd td {background-color: #DDD}.skippedeven td {background-color: #CCC}.failedodd td,.attn {background-color: #F33}.failedeven td,.stripe .attn {background-color: #D00}.stacktrace {white-space:pre;font-family:monospace}.totop {font-size:85%;text-align:center;border-bottom:2px solid #000}.invisible {display:none}</style>
</head>
<body>
<table>
<tr><th>Test</th><th># Passed</th><th># Skipped</th><th># Retried</th><th># Failed</th><th>Time (ms)</th><th>Included Groups</th><th>Excluded Groups</th></tr>
<tr><th colspan="8">Capstone Suite</th></tr>
<tr><td><a href="#t0">NopCommerce Tests</a></td><td class="num">5</td><td class="num">0</td><td class="num">0</td><td class="num attn">7</td><td class="num">320,189</td><td></td><td></td></tr>
</table>
<table id='summary'><thead><tr><th>Class</th><th>Method</th><th>Start</th><th>Time (ms)</th></tr></thead><tbody><tr><th colspan="4">Capstone Suite</th></tr></tbody><tbody id="t0"><tr><th colspan="4">NopCommerce Tests &#8212; failed</th></tr><tr class="failedeven"><td rowspan="1">com.capstone.tests.AddressTest</td><td><a href="#m0">addNewAddress</a></td><td rowspan="1">1757330851407</td><td rowspan="1">15513</td></tr><tr class="failedodd"><td rowspan="1">com.capstone.tests.CartTest</td><td><a href="#m1">cartTest</a></td><td rowspan="1">1757330869115</td><td rowspan="1">15531</td></tr><tr class="failedeven"><td rowspan="1">com.capstone.tests.ChangePasswordTest</td><td><a href="#m2">PasswordTest</a></td><td rowspan="1">1757330886720</td><td rowspan="1">16021</td></tr><tr class="failedodd"><td rowspan="1">com.capstone.tests.CheckoutTest</td><td><a href="#m3">cartTest</a></td><td rowspan="1">1757330904990</td><td rowspan="1">15909</td></tr><tr class="failedeven"><td rowspan="1">com.capstone.tests.E2ELoginTest</td><td><a href="#m4">testEndToEndEcommerceFlow</a></td><td rowspan="1">1757330923072</td><td rowspan="1">15462</td></tr><tr class="failedodd"><td rowspan="1">com.capstone.tests.LoginTest</td><td><a href="#m5">loginTestValidCredentials</a></td><td rowspan="1">1757330799872</td><td rowspan="1">25341</td></tr><tr class="failedeven"><td rowspan="1">com.capstone.tests.ProductSearchTest</td><td><a href="#m6">loginTest</a></td><td rowspan="1">1757331040324</td><td rowspan="1">15345</td></tr><tr><th colspan="4">NopCommerce Tests &#8212; passed</th></tr><tr class="passedeven"><td rowspan="1">com.capstone.tests.E2ERegisterTest</td><td><a href="#m7">testEndToEndEcommerceFlow</a></td><td rowspan="1">1757330941683</td><td rowspan="1">95891</td></tr><tr class="passedodd"><td rowspan="3">com.capstone.tests.LoginTest</td><td><a href="#m8">loginTestBlankCredentials</a></td><td rowspan="1">1757330738694</td><td rowspan="1">3859</td></tr><tr class="passedodd"><td><a href="#m9">loginTestInvalidEmail</a></td><td rowspan="1">1757330744523</td><td rowspan="1">25350</td></tr><tr class="passedodd"><td><a href="#m10">loginTestInvalidPassword</a></td><td rowspan="1">1757330772107</td><td rowspan="1">25528</td></tr><tr class="passedeven"><td rowspan="1">com.capstone.tests.RegisterTest</td><td><a href="#m11">registerNewUser</a></td><td rowspan="1">1757330827450</td><td rowspan="1">21740</td></tr></tbody>
</table>
<h2>NopCommerce Tests</h2><h3 id="m0">com.capstone.tests.AddressTest#addNewAddress</h3><table class="result"><tr><th>Exception</th></tr><tr><td><div class="stacktrace">java.lang.AssertionError: Login failed! expected [true] but found [false]
	at com.capstone.tests.AddressTest.addNewAddress(AddressTest.java:24)
	at java.base/java.util.ArrayList.forEach(ArrayList.java:1597)
... Removed 28 stack frames</div></td></tr></table><p class="totop"><a href="#summary">back to summary</a></p>
<h3 id="m1">com.capstone.tests.CartTest#cartTest</h3><table class="result"><tr><th>Exception</th></tr><tr><td><div class="stacktrace">java.lang.AssertionError: Login failed! expected [true] but found [false]
	at com.capstone.tests.CartTest.cartTest(CartTest.java:25)
	at java.base/java.util.ArrayList.forEach(ArrayList.java:1597)
... Removed 28 stack frames</div></td></tr></table><p class="totop"><a href="#summary">back to summary</a></p>
<h3 id="m2">com.capstone.tests.ChangePasswordTest#PasswordTest</h3><table class="result"><tr><th>Exception</th></tr><tr><td><div class="stacktrace">java.lang.AssertionError: Login failed! expected [true] but found [false]
	at com.capstone.tests.ChangePasswordTest.PasswordTest(ChangePasswordTest.java:25)
	at java.base/java.util.ArrayList.forEach(ArrayList.java:1597)
... Removed 28 stack frames</div></td></tr></table><p class="totop"><a href="#summary">back to summary</a></p>
<h3 id="m3">com.capstone.tests.CheckoutTest#cartTest</h3><table class="result"><tr><th>Exception</th></tr><tr><td><div class="stacktrace">java.lang.AssertionError: Login failed! expected [true] but found [false]
	at com.capstone.tests.CheckoutTest.cartTest(CheckoutTest.java:26)
	at java.base/java.util.ArrayList.forEach(ArrayList.java:1597)
... Removed 28 stack frames</div></td></tr></table><p class="totop"><a href="#summary">back to summary</a></p>
<h3 id="m4">com.capstone.tests.E2ELoginTest#testEndToEndEcommerceFlow</h3><table class="result"><tr><th>Exception</th></tr><tr><td><div class="stacktrace">java.lang.AssertionError: Login failed! expected [true] but found [false]
	at com.capstone.tests.E2ELoginTest.testEndToEndEcommerceFlow(E2ELoginTest.java:23)
	at java.base/java.util.ArrayList.forEach(ArrayList.java:1597)
... Removed 28 stack frames</div></td></tr></table><p class="totop"><a href="#summary">back to summary</a></p>
<h3 id="m5">com.capstone.tests.LoginTest#loginTestValidCredentials</h3><table class="result"><tr><th>Exception</th></tr><tr><td><div class="stacktrace">java.lang.AssertionError: Login failed: Login was unsuccessful. Please correct the errors and try again.
No customer account found expected [false] but found [true]
	at com.capstone.tests.LoginTest.loginTestValidCredentials(LoginTest.java:29)
	at java.base/java.util.ArrayList.forEach(ArrayList.java:1597)
... Removed 28 stack frames</div></td></tr></table><p class="totop"><a href="#summary">back to summary</a></p>
<h3 id="m6">com.capstone.tests.ProductSearchTest#loginTest</h3><table class="result"><tr><th>Exception</th></tr><tr><td><div class="stacktrace">java.lang.AssertionError: Login failed! expected [true] but found [false]
	at com.capstone.tests.ProductSearchTest.loginTest(ProductSearchTest.java:26)
	at java.base/java.util.ArrayList.forEach(ArrayList.java:1597)
... Removed 28 stack frames</div></td></tr></table><p class="totop"><a href="#summary">back to summary</a></p>
<h3 id="m7">com.capstone.tests.E2ERegisterTest#testEndToEndEcommerceFlow</h3><table class="result"><tr><th class="invisible"/></tr></table><p class="totop"><a href="#summary">back to summary</a></p>
<h3 id="m8">com.capstone.tests.LoginTest#loginTestBlankCredentials</h3><table class="result"><tr><th class="invisible"/></tr></table><p class="totop"><a href="#summary">back to summary</a></p>
<h3 id="m9">com.capstone.tests.LoginTest#loginTestInvalidEmail</h3><table class="result"><tr><th class="invisible"/></tr></table><p class="totop"><a href="#summary">back to summary</a></p>
<h3 id="m10">com.capstone.tests.LoginTest#loginTestInvalidPassword</h3><table class="result"><tr><th class="invisible"/></tr></table><p class="totop"><a href="#summary">back to summary</a></p>
<h3 id="m11">com.capstone.tests.RegisterTest#registerNewUser</h3><table class="result"><tr><th class="invisible"/></tr></table><p class="totop"><a href="#summary">back to summary</a></p>
</body>
</html>
