<!DOCTYPE html>

<html>
  <head>
  <meta charset='utf-8'>
  <title>TestNG reports</title>

    <link type="text/css" href="testng-reports1.css" rel="stylesheet" id="ultra" />
    <link type="text/css" href="testng-reports.css" rel="stylesheet" id="retro" disabled="false"/>
    <script type="text/javascript" src="jquery-3.6.0.min.js"></script>
    <script type="text/javascript" src="testng-reports.js"></script>
    <script type="text/javascript" src="https://www.google.com/jsapi"></script>
    <script type='text/javascript'>
      google.load('visualization', '1', {packages:['table']});
      google.setOnLoadCallback(drawTable);
      var suiteTableInitFunctions = new Array();
      var suiteTableData = new Array();
    </script>
    <!--
      <script type="text/javascript" src="jquery-ui/js/jquery-ui-1.8.16.custom.min.js"></script>
     -->
  </head>

  <body>    <div class="top-banner-root">
      <span class="top-banner-title-font">Test results</span>
      <button id="button" class="button">Switch Retro Theme</button> <!-- button -->
      <br/>
      <span class="top-banner-font-1">1 suite, 7 failed tests</span>
    </div> <!-- top-banner-root -->
    <div class="navigator-root">
      <div class="navigator-suite-header">
        <span>All suites</span>
        <a href="#" title="Collapse/expand all the suites" class="collapse-all-link">
          <img src="collapseall.gif" class="collapse-all-icon">
          </img> <!-- collapse-all-icon -->
        </a> <!-- collapse-all-link -->
      </div> <!-- navigator-suite-header -->
      <div class="suite">
        <div class="rounded-window">
          <div class="suite-header light-rounded-window-top">
            <a href="#" panel-name="suite-Capstone_Suite" class="navigator-link">
              <span class="suite-name border-failed">Capstone Suite</span>
            </a> <!-- navigator-link -->
          </div> <!-- suite-header light-rounded-window-top -->
          <div class="navigator-suite-content">
            <div class="suite-section-title">
              <span>Info</span>
            </div> <!-- suite-section-title -->
            <div class="suite-section-content">
              <ul>
                <li>
                  <a href="#" panel-name="test-xml-Capstone_Suite" class="navigator-link ">
                    <span>C:\Users\98668\Downloads\Capstone-Selenium-Automation-Project-main\Capstone-Selenium-Automation-Project-main\selenium-testng-nopcommerce-automation\testng.xml</span>
                  </a> <!-- navigator-link  -->
                </li>
                <li>
                  <a href="#" panel-name="testlist-Capstone_Suite" class="navigator-link ">
                    <span class="test-stats">1 test</span>
                  </a> <!-- navigator-link  -->
                </li>
                <li>
                  <a href="#" panel-name="group-Capstone_Suite" class="navigator-link ">
                    <span>0 groups</span>
                  </a> <!-- navigator-link  -->
                </li>
                <li>
                  <a href="#" panel-name="times-Capstone_Suite" class="navigator-link ">
                    <span>Times</span>
                  </a> <!-- navigator-link  -->
                </li>
                <li>
                  <a href="#" panel-name="reporter-Capstone_Suite" class="navigator-link ">
                    <span>Reporter output</span>
                  </a> <!-- navigator-link  -->
                </li>
                <li>
                  <a href="#" panel-name="ignored-methods-Capstone_Suite" class="navigator-link ">
                    <span>Ignored methods</span>
                  </a> <!-- navigator-link  -->
                </li>
                <li>
                  <a href="#" panel-name="chronological-Capstone_Suite" class="navigator-link ">
                    <span>Chronological view</span>
                  </a> <!-- navigator-link  -->
                </li>
              </ul>
            </div> <!-- suite-section-content -->
            <div class="result-section">
              <div class="suite-section-title">
                <span>Results</span>
              </div> <!-- suite-section-title -->
              <div class="suite-section-content">
                <ul>
                  <li>
                    <span class="method-stats">12 methods, 7 failed,   5 passed</span>
                  </li>
                  <li>
                    <span class="method-list-title failed">Failed methods</span>
                    <span class="show-or-hide-methods failed">
                      <a href="#" panel-name="suite-Capstone_Suite" class="hide-methods failed suite-Capstone_Suite"> (hide)</a> <!-- hide-methods failed suite-Capstone_Suite -->
                      <a href="#" panel-name="suite-Capstone_Suite" class="show-methods failed suite-Capstone_Suite"> (show)</a> <!-- show-methods failed suite-Capstone_Suite -->
                    </span>
                    <div class="method-list-content failed suite-Capstone_Suite">
                      <span>
                        <img src="failed.png" width="3%"/>
                        <a href="#" panel-name="suite-Capstone_Suite" title="com.capstone.tests.ChangePasswordTest" class="method navigator-link" hash-for-method="PasswordTest">PasswordTest</a> <!-- method navigator-link -->
                      </span>
                      <br/>
                      <span>
                        <img src="failed.png" width="3%"/>
                        <a href="#" panel-name="suite-Capstone_Suite" title="com.capstone.tests.AddressTest" class="method navigator-link" hash-for-method="addNewAddress">addNewAddress</a> <!-- method navigator-link -->
                      </span>
                      <br/>
                      <span>
                        <img src="failed.png" width="3%"/>
                        <a href="#" panel-name="suite-Capstone_Suite" title="com.capstone.tests.CheckoutTest" class="method navigator-link" hash-for-method="cartTest">cartTest</a> <!-- method navigator-link -->
                      </span>
                      <br/>
                      <span>
                        <img src="failed.png" width="3%"/>
                        <a href="#" panel-name="suite-Capstone_Suite" title="com.capstone.tests.CartTest" class="method navigator-link" hash-for-method="cartTest">cartTest</a> <!-- method navigator-link -->
                      </span>
                      <br/>
                      <span>
                        <img src="failed.png" width="3%"/>
                        <a href="#" panel-name="suite-Capstone_Suite" title="com.capstone.tests.ProductSearchTest" class="method navigator-link" hash-for-method="loginTest">loginTest</a> <!-- method navigator-link -->
                      </span>
                      <br/>
                      <span>
                        <img src="failed.png" width="3%"/>
                        <a href="#" panel-name="suite-Capstone_Suite" title="com.capstone.tests.LoginTest" class="method navigator-link" hash-for-method="loginTestValidCredentials">loginTestValidCredentials</a> <!-- method navigator-link -->
                      </span>
                      <br/>
                      <span>
                        <img src="failed.png" width="3%"/>
                        <a href="#" panel-name="suite-Capstone_Suite" title="com.capstone.tests.E2ELoginTest" class="method navigator-link" hash-for-method="testEndToEndEcommerceFlow">testEndToEndEcommerceFlow</a> <!-- method navigator-link -->
                      </span>
                      <br/>
                    </div> <!-- method-list-content failed suite-Capstone_Suite -->
                  </li>
                  <li>
                    <span class="method-list-title passed">Passed methods</span>
                    <span class="show-or-hide-methods passed">
                      <a href="#" panel-name="suite-Capstone_Suite" class="hide-methods passed suite-Capstone_Suite"> (hide)</a> <!-- hide-methods passed suite-Capstone_Suite -->
                      <a href="#" panel-name="suite-Capstone_Suite" class="show-methods passed suite-Capstone_Suite"> (show)</a> <!-- show-methods passed suite-Capstone_Suite -->
                    </span>
                    <div class="method-list-content passed suite-Capstone_Suite">
                      <span>
                        <img src="passed.png" width="3%"/>
                        <a href="#" panel-name="suite-Capstone_Suite" title="com.capstone.tests.LoginTest" class="method navigator-link" hash-for-method="loginTestBlankCredentials">loginTestBlankCredentials</a> <!-- method navigator-link -->
                      </span>
                      <br/>
                      <span>
                        <img src="passed.png" width="3%"/>
                        <a href="#" panel-name="suite-Capstone_Suite" title="com.capstone.tests.LoginTest" class="method navigator-link" hash-for-method="loginTestInvalidEmail">loginTestInvalidEmail</a> <!-- method navigator-link -->
                      </span>
                      <br/>
                      <span>
                        <img src="passed.png" width="3%"/>
                        <a href="#" panel-name="suite-Capstone_Suite" title="com.capstone.tests.LoginTest" class="method navigator-link" hash-for-method="loginTestInvalidPassword">loginTestInvalidPassword</a> <!-- method navigator-link -->
                      </span>
                      <br/>
                      <span>
                        <img src="passed.png" width="3%"/>
                        <a href="#" panel-name="suite-Capstone_Suite" title="com.capstone.tests.RegisterTest" class="method navigator-link" hash-for-method="registerNewUser">registerNewUser</a> <!-- method navigator-link -->
                      </span>
                      <br/>
                      <span>
                        <img src="passed.png" width="3%"/>
                        <a href="#" panel-name="suite-Capstone_Suite" title="com.capstone.tests.E2ERegisterTest" class="method navigator-link" hash-for-method="testEndToEndEcommerceFlow">testEndToEndEcommerceFlow</a> <!-- method navigator-link -->
                      </span>
                      <br/>
                    </div> <!-- method-list-content passed suite-Capstone_Suite -->
                  </li>
                </ul>
              </div> <!-- suite-section-content -->
            </div> <!-- result-section -->
          </div> <!-- navigator-suite-content -->
        </div> <!-- rounded-window -->
      </div> <!-- suite -->
    </div> <!-- navigator-root -->
    <div class="wrapper">
      <div class="main-panel-root">
        <div panel-name="suite-Capstone_Suite" class="panel Capstone_Suite">
          <div class="suite-Capstone_Suite-class-failed">
            <div class="main-panel-header rounded-window-top">
              <img src="failed.png"/>
              <span class="class-name">com.capstone.tests.E2ELoginTest</span>
            </div> <!-- main-panel-header rounded-window-top -->
            <div class="main-panel-content rounded-window-bottom">
              <div class="method">
                <div class="method-content">
                  <a name="testEndToEndEcommerceFlow">
                  </a> <!-- testEndToEndEcommerceFlow -->
                  <span class="method-name">testEndToEndEcommerceFlow</span>
                  <div class="stack-trace">java.lang.AssertionError: Login failed! expected [true] but found [false]
	at com.capstone.tests.E2ELoginTest.testEndToEndEcommerceFlow(E2ELoginTest.java:23)
	at java.base/java.util.ArrayList.forEach(ArrayList.java:1597)
... Removed 28 stack frames
</div> <!-- stack-trace -->
                </div> <!-- method-content -->
              </div> <!-- method -->
            </div> <!-- main-panel-content rounded-window-bottom -->
          </div> <!-- suite-Capstone_Suite-class-failed -->
          <div class="suite-Capstone_Suite-class-failed">
            <div class="main-panel-header rounded-window-top">
              <img src="failed.png"/>
              <span class="class-name">com.capstone.tests.AddressTest</span>
            </div> <!-- main-panel-header rounded-window-top -->
            <div class="main-panel-content rounded-window-bottom">
              <div class="method">
                <div class="method-content">
                  <a name="addNewAddress">
                  </a> <!-- addNewAddress -->
                  <span class="method-name">addNewAddress</span>
                  <div class="stack-trace">java.lang.AssertionError: Login failed! expected [true] but found [false]
	at com.capstone.tests.AddressTest.addNewAddress(AddressTest.java:24)
	at java.base/java.util.ArrayList.forEach(ArrayList.java:1597)
... Removed 28 stack frames
</div> <!-- stack-trace -->
                </div> <!-- method-content -->
              </div> <!-- method -->
            </div> <!-- main-panel-content rounded-window-bottom -->
          </div> <!-- suite-Capstone_Suite-class-failed -->
          <div class="suite-Capstone_Suite-class-failed">
            <div class="main-panel-header rounded-window-top">
              <img src="failed.png"/>
              <span class="class-name">com.capstone.tests.CartTest</span>
            </div> <!-- main-panel-header rounded-window-top -->
            <div class="main-panel-content rounded-window-bottom">
              <div class="method">
                <div class="method-content">
                  <a name="cartTest">
                  </a> <!-- cartTest -->
                  <span class="method-name">cartTest</span>
                  <div class="stack-trace">java.lang.AssertionError: Login failed! expected [true] but found [false]
	at com.capstone.tests.CartTest.cartTest(CartTest.java:25)
	at java.base/java.util.ArrayList.forEach(ArrayList.java:1597)
... Removed 28 stack frames
</div> <!-- stack-trace -->
                </div> <!-- method-content -->
              </div> <!-- method -->
            </div> <!-- main-panel-content rounded-window-bottom -->
          </div> <!-- suite-Capstone_Suite-class-failed -->
          <div class="suite-Capstone_Suite-class-failed">
            <div class="main-panel-header rounded-window-top">
              <img src="failed.png"/>
              <span class="class-name">com.capstone.tests.CheckoutTest</span>
            </div> <!-- main-panel-header rounded-window-top -->
            <div class="main-panel-content rounded-window-bottom">
              <div class="method">
                <div class="method-content">
                  <a name="cartTest">
                  </a> <!-- cartTest -->
                  <span class="method-name">cartTest</span>
                  <div class="stack-trace">java.lang.AssertionError: Login failed! expected [true] but found [false]
	at com.capstone.tests.CheckoutTest.cartTest(CheckoutTest.java:26)
	at java.base/java.util.ArrayList.forEach(ArrayList.java:1597)
... Removed 28 stack frames
</div> <!-- stack-trace -->
                </div> <!-- method-content -->
              </div> <!-- method -->
            </div> <!-- main-panel-content rounded-window-bottom -->
          </div> <!-- suite-Capstone_Suite-class-failed -->
          <div class="suite-Capstone_Suite-class-failed">
            <div class="main-panel-header rounded-window-top">
              <img src="failed.png"/>
              <span class="class-name">com.capstone.tests.LoginTest</span>
            </div> <!-- main-panel-header rounded-window-top -->
            <div class="main-panel-content rounded-window-bottom">
              <div class="method">
                <div class="method-content">
                  <a name="loginTestValidCredentials">
                  </a> <!-- loginTestValidCredentials -->
                  <span class="method-name">loginTestValidCredentials</span>
                  <div class="stack-trace">java.lang.AssertionError: Login failed: Login was unsuccessful. Please correct the errors and try again.
No customer account found expected [false] but found [true]
	at com.capstone.tests.LoginTest.loginTestValidCredentials(LoginTest.java:29)
	at java.base/java.util.ArrayList.forEach(ArrayList.java:1597)
... Removed 28 stack frames
</div> <!-- stack-trace -->
                </div> <!-- method-content -->
              </div> <!-- method -->
            </div> <!-- main-panel-content rounded-window-bottom -->
          </div> <!-- suite-Capstone_Suite-class-failed -->
          <div class="suite-Capstone_Suite-class-failed">
            <div class="main-panel-header rounded-window-top">
              <img src="failed.png"/>
              <span class="class-name">com.capstone.tests.ChangePasswordTest</span>
            </div> <!-- main-panel-header rounded-window-top -->
            <div class="main-panel-content rounded-window-bottom">
              <div class="method">
                <div class="method-content">
                  <a name="PasswordTest">
                  </a> <!-- PasswordTest -->
                  <span class="method-name">PasswordTest</span>
                  <div class="stack-trace">java.lang.AssertionError: Login failed! expected [true] but found [false]
	at com.capstone.tests.ChangePasswordTest.PasswordTest(ChangePasswordTest.java:25)
	at java.base/java.util.ArrayList.forEach(ArrayList.java:1597)
... Removed 28 stack frames
</div> <!-- stack-trace -->
                </div> <!-- method-content -->
              </div> <!-- method -->
            </div> <!-- main-panel-content rounded-window-bottom -->
          </div> <!-- suite-Capstone_Suite-class-failed -->
          <div class="suite-Capstone_Suite-class-failed">
            <div class="main-panel-header rounded-window-top">
              <img src="failed.png"/>
              <span class="class-name">com.capstone.tests.ProductSearchTest</span>
            </div> <!-- main-panel-header rounded-window-top -->
            <div class="main-panel-content rounded-window-bottom">
              <div class="method">
                <div class="method-content">
                  <a name="loginTest">
                  </a> <!-- loginTest -->
                  <span class="method-name">loginTest</span>
                  <div class="stack-trace">java.lang.AssertionError: Login failed! expected [true] but found [false]
	at com.capstone.tests.ProductSearchTest.loginTest(ProductSearchTest.java:26)
	at java.base/java.util.ArrayList.forEach(ArrayList.java:1597)
... Removed 28 stack frames
</div> <!-- stack-trace -->
                </div> <!-- method-content -->
              </div> <!-- method -->
            </div> <!-- main-panel-content rounded-window-bottom -->
          </div> <!-- suite-Capstone_Suite-class-failed -->
          <div class="suite-Capstone_Suite-class-passed">
            <div class="main-panel-header rounded-window-top">
              <img src="passed.png"/>
              <span class="class-name">com.capstone.tests.RegisterTest</span>
            </div> <!-- main-panel-header rounded-window-top -->
            <div class="main-panel-content rounded-window-bottom">
              <div class="method">
                <div class="method-content">
                  <a name="registerNewUser">
                  </a> <!-- registerNewUser -->
                  <span class="method-name">registerNewUser</span>
                </div> <!-- method-content -->
              </div> <!-- method -->
            </div> <!-- main-panel-content rounded-window-bottom -->
          </div> <!-- suite-Capstone_Suite-class-passed -->
          <div class="suite-Capstone_Suite-class-passed">
            <div class="main-panel-header rounded-window-top">
              <img src="passed.png"/>
              <span class="class-name">com.capstone.tests.E2ERegisterTest</span>
            </div> <!-- main-panel-header rounded-window-top -->
            <div class="main-panel-content rounded-window-bottom">
              <div class="method">
                <div class="method-content">
                  <a name="testEndToEndEcommerceFlow">
                  </a> <!-- testEndToEndEcommerceFlow -->
                  <span class="method-name">testEndToEndEcommerceFlow</span>
                </div> <!-- method-content -->
              </div> <!-- method -->
            </div> <!-- main-panel-content rounded-window-bottom -->
          </div> <!-- suite-Capstone_Suite-class-passed -->
          <div class="suite-Capstone_Suite-class-passed">
            <div class="main-panel-header rounded-window-top">
              <img src="passed.png"/>
              <span class="class-name">com.capstone.tests.LoginTest</span>
            </div> <!-- main-panel-header rounded-window-top -->
            <div class="main-panel-content rounded-window-bottom">
              <div class="method">
                <div class="method-content">
                  <a name="loginTestBlankCredentials">
                  </a> <!-- loginTestBlankCredentials -->
                  <span class="method-name">loginTestBlankCredentials</span>
                </div> <!-- method-content -->
              </div> <!-- method -->
              <div class="method">
                <div class="method-content">
                  <a name="loginTestInvalidEmail">
                  </a> <!-- loginTestInvalidEmail -->
                  <span class="method-name">loginTestInvalidEmail</span>
                </div> <!-- method-content -->
              </div> <!-- method -->
              <div class="method">
                <div class="method-content">
                  <a name="loginTestInvalidPassword">
                  </a> <!-- loginTestInvalidPassword -->
                  <span class="method-name">loginTestInvalidPassword</span>
                </div> <!-- method-content -->
              </div> <!-- method -->
            </div> <!-- main-panel-content rounded-window-bottom -->
          </div> <!-- suite-Capstone_Suite-class-passed -->
        </div> <!-- panel Capstone_Suite -->
        <div panel-name="test-xml-Capstone_Suite" class="panel">
          <div class="main-panel-header rounded-window-top">
            <span class="header-content">C:\Users\98668\Downloads\Capstone-Selenium-Automation-Project-main\Capstone-Selenium-Automation-Project-main\selenium-testng-nopcommerce-automation\testng.xml</span>
          </div> <!-- main-panel-header rounded-window-top -->
          <div class="main-panel-content rounded-window-bottom">
            <pre>
&lt;?xml version=&quot;1.0&quot; encoding=&quot;UTF-8&quot;?&gt;
&lt;!DOCTYPE suite SYSTEM &quot;https://testng.org/testng-1.0.dtd&quot;&gt;
&lt;suite name=&quot;Capstone Suite&quot; guice-stage=&quot;DEVELOPMENT&quot;&gt;
  &lt;test thread-count=&quot;5&quot; name=&quot;NopCommerce Tests&quot;&gt;
    &lt;classes&gt;
      &lt;class name=&quot;com.capstone.tests.LoginTest&quot;/&gt;
      &lt;class name=&quot;com.capstone.tests.RegisterTest&quot;/&gt;
      &lt;class name=&quot;com.capstone.tests.AddressTest&quot;/&gt;
      &lt;class name=&quot;com.capstone.tests.CartTest&quot;/&gt;
      &lt;class name=&quot;com.capstone.tests.ChangePasswordTest&quot;/&gt;
      &lt;class name=&quot;com.capstone.tests.CheckoutTest&quot;/&gt;
      &lt;class name=&quot;com.capstone.tests.E2ELoginTest&quot;/&gt;
      &lt;class name=&quot;com.capstone.tests.E2ERegisterTest&quot;/&gt;
      &lt;class name=&quot;com.capstone.tests.ProductSearchTest&quot;/&gt;
    &lt;/classes&gt;
  &lt;/test&gt; &lt;!-- NopCommerce Tests --&gt;
&lt;/suite&gt; &lt;!-- Capstone Suite --&gt;
            </pre>
          </div> <!-- main-panel-content rounded-window-bottom -->
        </div> <!-- panel -->
        <div panel-name="testlist-Capstone_Suite" class="panel">
          <div class="main-panel-header rounded-window-top">
            <span class="header-content">Tests for Capstone Suite</span>
          </div> <!-- main-panel-header rounded-window-top -->
          <div class="main-panel-content rounded-window-bottom">
            <ul>
              <li>
                <span class="test-name">NopCommerce Tests (9 classes)</span>
              </li>
            </ul>
          </div> <!-- main-panel-content rounded-window-bottom -->
        </div> <!-- panel -->
        <div panel-name="group-Capstone_Suite" class="panel">
          <div class="main-panel-header rounded-window-top">
            <span class="header-content">Groups for Capstone Suite</span>
          </div> <!-- main-panel-header rounded-window-top -->
          <div class="main-panel-content rounded-window-bottom">
          </div> <!-- main-panel-content rounded-window-bottom -->
        </div> <!-- panel -->
        <div panel-name="times-Capstone_Suite" class="panel">
          <div class="main-panel-header rounded-window-top">
            <span class="header-content">Times for Capstone Suite</span>
          </div> <!-- main-panel-header rounded-window-top -->
          <div class="main-panel-content rounded-window-bottom">
            <div class="times-div">
              <script type="text/javascript">
suiteTableInitFunctions.push('tableData_Capstone_Suite');
function tableData_Capstone_Suite() {
var data = new google.visualization.DataTable();
data.addColumn('number', 'Number');
data.addColumn('string', 'Method');
data.addColumn('string', 'Class');
data.addColumn('number', 'Time (ms)');
data.addRows(12);
data.setCell(0, 0, 0)
data.setCell(0, 1, 'testEndToEndEcommerceFlow')
data.setCell(0, 2, 'com.capstone.tests.E2ERegisterTest')
data.setCell(0, 3, 95891);
data.setCell(1, 0, 1)
data.setCell(1, 1, 'loginTestInvalidPassword')
data.setCell(1, 2, 'com.capstone.tests.LoginTest')
data.setCell(1, 3, 25528);
data.setCell(2, 0, 2)
data.setCell(2, 1, 'loginTestInvalidEmail')
data.setCell(2, 2, 'com.capstone.tests.LoginTest')
data.setCell(2, 3, 25350);
data.setCell(3, 0, 3)
data.setCell(3, 1, 'loginTestValidCredentials')
data.setCell(3, 2, 'com.capstone.tests.LoginTest')
data.setCell(3, 3, 25341);
data.setCell(4, 0, 4)
data.setCell(4, 1, 'registerNewUser')
data.setCell(4, 2, 'com.capstone.tests.RegisterTest')
data.setCell(4, 3, 21740);
data.setCell(5, 0, 5)
data.setCell(5, 1, 'PasswordTest')
data.setCell(5, 2, 'com.capstone.tests.ChangePasswordTest')
data.setCell(5, 3, 16021);
data.setCell(6, 0, 6)
data.setCell(6, 1, 'cartTest')
data.setCell(6, 2, 'com.capstone.tests.CheckoutTest')
data.setCell(6, 3, 15909);
data.setCell(7, 0, 7)
data.setCell(7, 1, 'cartTest')
data.setCell(7, 2, 'com.capstone.tests.CartTest')
data.setCell(7, 3, 15531);
data.setCell(8, 0, 8)
data.setCell(8, 1, 'addNewAddress')
data.setCell(8, 2, 'com.capstone.tests.AddressTest')
data.setCell(8, 3, 15513);
data.setCell(9, 0, 9)
data.setCell(9, 1, 'testEndToEndEcommerceFlow')
data.setCell(9, 2, 'com.capstone.tests.E2ELoginTest')
data.setCell(9, 3, 15462);
data.setCell(10, 0, 10)
data.setCell(10, 1, 'loginTest')
data.setCell(10, 2, 'com.capstone.tests.ProductSearchTest')
data.setCell(10, 3, 15345);
data.setCell(11, 0, 11)
data.setCell(11, 1, 'loginTestBlankCredentials')
data.setCell(11, 2, 'com.capstone.tests.LoginTest')
data.setCell(11, 3, 3859);
window.suiteTableData['Capstone_Suite']= { tableData: data, tableDiv: 'times-div-Capstone_Suite'}
return data;
}
              </script>
              <span class="suite-total-time">Total running time: 4 minutes</span>
              <div id="times-div-Capstone_Suite">
              </div> <!-- times-div-Capstone_Suite -->
            </div> <!-- times-div -->
          </div> <!-- main-panel-content rounded-window-bottom -->
        </div> <!-- panel -->
        <div panel-name="reporter-Capstone_Suite" class="panel">
          <div class="main-panel-header rounded-window-top">
            <span class="header-content">Reporter output for Capstone Suite</span>
          </div> <!-- main-panel-header rounded-window-top -->
          <div class="main-panel-content rounded-window-bottom">
          </div> <!-- main-panel-content rounded-window-bottom -->
        </div> <!-- panel -->
        <div panel-name="ignored-methods-Capstone_Suite" class="panel">
          <div class="main-panel-header rounded-window-top">
            <span class="header-content">16 ignored methods</span>
          </div> <!-- main-panel-header rounded-window-top -->
          <div class="main-panel-content rounded-window-bottom">
            <div class="ignored-class-div">
              <span class="ignored-class-name">com.capstone.tests.AddressTest</span>
              <div class="ignored-methods-div">
                <span class="ignored-method-name">tearDownReport</span>
                <br/>
                <span class="ignored-method-name">setupReport</span>
                <br/>
              </div> <!-- ignored-methods-div -->
            </div> <!-- ignored-class-div -->
            <div class="ignored-class-div">
              <span class="ignored-class-name">com.capstone.tests.E2ELoginTest</span>
              <div class="ignored-methods-div">
                <span class="ignored-method-name">setupReport</span>
                <br/>
                <span class="ignored-method-name">tearDownReport</span>
                <br/>
              </div> <!-- ignored-methods-div -->
            </div> <!-- ignored-class-div -->
            <div class="ignored-class-div">
              <span class="ignored-class-name">com.capstone.tests.CartTest</span>
              <div class="ignored-methods-div">
                <span class="ignored-method-name">setupReport</span>
                <br/>
                <span class="ignored-method-name">tearDownReport</span>
                <br/>
              </div> <!-- ignored-methods-div -->
            </div> <!-- ignored-class-div -->
            <div class="ignored-class-div">
              <span class="ignored-class-name">com.capstone.tests.RegisterTest</span>
              <div class="ignored-methods-div">
                <span class="ignored-method-name">setupReport</span>
                <br/>
                <span class="ignored-method-name">tearDownReport</span>
                <br/>
              </div> <!-- ignored-methods-div -->
            </div> <!-- ignored-class-div -->
            <div class="ignored-class-div">
              <span class="ignored-class-name">com.capstone.tests.E2ERegisterTest</span>
              <div class="ignored-methods-div">
                <span class="ignored-method-name">tearDownReport</span>
                <br/>
                <span class="ignored-method-name">setupReport</span>
                <br/>
              </div> <!-- ignored-methods-div -->
            </div> <!-- ignored-class-div -->
            <div class="ignored-class-div">
              <span class="ignored-class-name">com.capstone.tests.CheckoutTest</span>
              <div class="ignored-methods-div">
                <span class="ignored-method-name">setupReport</span>
                <br/>
                <span class="ignored-method-name">tearDownReport</span>
                <br/>
              </div> <!-- ignored-methods-div -->
            </div> <!-- ignored-class-div -->
            <div class="ignored-class-div">
              <span class="ignored-class-name">com.capstone.tests.ChangePasswordTest</span>
              <div class="ignored-methods-div">
                <span class="ignored-method-name">setupReport</span>
                <br/>
                <span class="ignored-method-name">tearDownReport</span>
                <br/>
              </div> <!-- ignored-methods-div -->
            </div> <!-- ignored-class-div -->
            <div class="ignored-class-div">
              <span class="ignored-class-name">com.capstone.tests.ProductSearchTest</span>
              <div class="ignored-methods-div">
                <span class="ignored-method-name">tearDownReport</span>
                <br/>
                <span class="ignored-method-name">setupReport</span>
                <br/>
              </div> <!-- ignored-methods-div -->
            </div> <!-- ignored-class-div -->
          </div> <!-- main-panel-content rounded-window-bottom -->
        </div> <!-- panel -->
        <div panel-name="chronological-Capstone_Suite" class="panel">
          <div class="main-panel-header rounded-window-top">
            <span class="header-content">Methods in chronological order</span>
          </div> <!-- main-panel-header rounded-window-top -->
          <div class="main-panel-content rounded-window-bottom">
            <div class="chronological-class">
              <div class="chronological-class-name">com.capstone.tests.LoginTest</div> <!-- chronological-class-name -->
              <div class="configuration-suite before">
                <span class="method-name">setupReport</span>
                <span class="method-start">0 ms</span>
              </div> <!-- configuration-suite before -->
              <div class="configuration-method before">
                <span class="method-name">setUp(public void com.capstone.tests.LoginTest.loginTestBlankCredentials() throws java.lang.InterruptedExc...)</span>
                <span class="method-start">239 ms</span>
              </div> <!-- configuration-method before -->
              <div class="test-method">
                <span class="method-name">loginTestBlankCredentials</span>
                <span class="method-start">3201 ms</span>
              </div> <!-- test-method -->
              <div class="configuration-method after">
                <span class="method-name">logResult([TestResult name=loginTestBlankCredentials status=SUCCESS method=LoginTest.loginTestBlankCredentials...)</span>
                <span class="method-start">7062 ms</span>
              </div> <!-- configuration-method after -->
              <div class="configuration-method before">
                <span class="method-name">setUp(public void com.capstone.tests.LoginTest.loginTestInvalidEmail() throws java.lang.InterruptedExcepti...)</span>
                <span class="method-start">7256 ms</span>
              </div> <!-- configuration-method before -->
              <div class="test-method">
                <span class="method-name">loginTestInvalidEmail</span>
                <span class="method-start">9030 ms</span>
              </div> <!-- test-method -->
              <div class="configuration-method after">
                <span class="method-name">logResult([TestResult name=loginTestInvalidEmail status=SUCCESS method=LoginTest.loginTestInvalidEmail()[pri:0...)</span>
                <span class="method-start">34381 ms</span>
              </div> <!-- configuration-method after -->
              <div class="configuration-method before">
                <span class="method-name">setUp(public void com.capstone.tests.LoginTest.loginTestInvalidPassword() throws java.lang.InterruptedExce...)</span>
                <span class="method-start">34582 ms</span>
              </div> <!-- configuration-method before -->
              <div class="test-method">
                <span class="method-name">loginTestInvalidPassword</span>
                <span class="method-start">36614 ms</span>
              </div> <!-- test-method -->
              <div class="configuration-method after">
                <span class="method-name">logResult([TestResult name=loginTestInvalidPassword status=SUCCESS method=LoginTest.loginTestInvalidPassword()...)</span>
                <span class="method-start">62143 ms</span>
              </div> <!-- configuration-method after -->
              <div class="configuration-method before">
                <span class="method-name">setUp(public void com.capstone.tests.LoginTest.loginTestValidCredentials() throws java.lang.InterruptedExc...)</span>
                <span class="method-start">62334 ms</span>
              </div> <!-- configuration-method before -->
              <div class="test-method">
                <img src="failed.png">
                </img>
                <span class="method-name">loginTestValidCredentials</span>
                <span class="method-start">64379 ms</span>
              </div> <!-- test-method -->
              <div class="configuration-method after">
                <span class="method-name">logResult([TestResult name=loginTestValidCredentials status=FAILURE method=LoginTest.loginTestValidCredentials...)</span>
                <span class="method-start">89721 ms</span>
              </div> <!-- configuration-method after -->
            </div> <!-- chronological-class -->
            <div class="chronological-class">
              <div class="chronological-class-name">com.capstone.tests.RegisterTest</div> <!-- chronological-class-name -->
              <div class="configuration-method before">
                <span class="method-name">setUp(public void com.capstone.tests.RegisterTest.registerNewUser() throws java.lang.InterruptedException)</span>
                <span class="method-start">89891 ms</span>
              </div> <!-- configuration-method before -->
              <div class="test-method">
                <span class="method-name">registerNewUser</span>
                <span class="method-start">91957 ms</span>
              </div> <!-- test-method -->
              <div class="configuration-method after">
                <span class="method-name">logResult([TestResult name=registerNewUser status=SUCCESS method=RegisterTest.registerNewUser()[pri:0, instanc...)</span>
                <span class="method-start">113698 ms</span>
              </div> <!-- configuration-method after -->
            </div> <!-- chronological-class -->
            <div class="chronological-class">
              <div class="chronological-class-name">com.capstone.tests.AddressTest</div> <!-- chronological-class-name -->
              <div class="configuration-method before">
                <span class="method-name">setUp(public void com.capstone.tests.AddressTest.addNewAddress() throws java.lang.InterruptedException)</span>
                <span class="method-start">113913 ms</span>
              </div> <!-- configuration-method before -->
              <div class="test-method">
                <img src="failed.png">
                </img>
                <span class="method-name">addNewAddress</span>
                <span class="method-start">115914 ms</span>
              </div> <!-- test-method -->
              <div class="configuration-method after">
                <span class="method-name">logResult([TestResult name=addNewAddress status=FAILURE method=AddressTest.addNewAddress()[pri:0, instance:com...)</span>
                <span class="method-start">131428 ms</span>
              </div> <!-- configuration-method after -->
            </div> <!-- chronological-class -->
            <div class="chronological-class">
              <div class="chronological-class-name">com.capstone.tests.CartTest</div> <!-- chronological-class-name -->
              <div class="configuration-method before">
                <span class="method-name">setUp(public void com.capstone.tests.CartTest.cartTest() throws java.lang.InterruptedException)</span>
                <span class="method-start">131610 ms</span>
              </div> <!-- configuration-method before -->
              <div class="test-method">
                <img src="failed.png">
                </img>
                <span class="method-name">cartTest</span>
                <span class="method-start">133622 ms</span>
              </div> <!-- test-method -->
              <div class="configuration-method after">
                <span class="method-name">logResult([TestResult name=cartTest status=FAILURE method=CartTest.cartTest()[pri:0, instance:com.capstone.tes...)</span>
                <span class="method-start">149154 ms</span>
              </div> <!-- configuration-method after -->
            </div> <!-- chronological-class -->
            <div class="chronological-class">
              <div class="chronological-class-name">com.capstone.tests.ChangePasswordTest</div> <!-- chronological-class-name -->
              <div class="configuration-method before">
                <span class="method-name">setUp(public void com.capstone.tests.ChangePasswordTest.PasswordTest() throws java.lang.InterruptedExcepti...)</span>
                <span class="method-start">149332 ms</span>
              </div> <!-- configuration-method before -->
              <div class="test-method">
                <img src="failed.png">
                </img>
                <span class="method-name">PasswordTest</span>
                <span class="method-start">151227 ms</span>
              </div> <!-- test-method -->
              <div class="configuration-method after">
                <span class="method-name">logResult([TestResult name=PasswordTest status=FAILURE method=ChangePasswordTest.PasswordTest()[pri:0, instanc...)</span>
                <span class="method-start">167250 ms</span>
              </div> <!-- configuration-method after -->
            </div> <!-- chronological-class -->
            <div class="chronological-class">
              <div class="chronological-class-name">com.capstone.tests.CheckoutTest</div> <!-- chronological-class-name -->
              <div class="configuration-method before">
                <span class="method-name">setUp(public void com.capstone.tests.CheckoutTest.cartTest() throws java.lang.InterruptedException)</span>
                <span class="method-start">167460 ms</span>
              </div> <!-- configuration-method before -->
              <div class="test-method">
                <img src="failed.png">
                </img>
                <span class="method-name">cartTest</span>
                <span class="method-start">169497 ms</span>
              </div> <!-- test-method -->
              <div class="configuration-method after">
                <span class="method-name">logResult([TestResult name=cartTest status=FAILURE method=CheckoutTest.cartTest()[pri:0, instance:com.capstone...)</span>
                <span class="method-start">185407 ms</span>
              </div> <!-- configuration-method after -->
            </div> <!-- chronological-class -->
            <div class="chronological-class">
              <div class="chronological-class-name">com.capstone.tests.E2ELoginTest</div> <!-- chronological-class-name -->
              <div class="configuration-method before">
                <span class="method-name">setUp(public void com.capstone.tests.E2ELoginTest.testEndToEndEcommerceFlow() throws java.lang.Interrupted...)</span>
                <span class="method-start">185602 ms</span>
              </div> <!-- configuration-method before -->
              <div class="test-method">
                <img src="failed.png">
                </img>
                <span class="method-name">testEndToEndEcommerceFlow</span>
                <span class="method-start">187579 ms</span>
              </div> <!-- test-method -->
              <div class="configuration-method after">
                <span class="method-name">logResult([TestResult name=testEndToEndEcommerceFlow status=FAILURE method=E2ELoginTest.testEndToEndEcommerceF...)</span>
                <span class="method-start">203041 ms</span>
              </div> <!-- configuration-method after -->
            </div> <!-- chronological-class -->
            <div class="chronological-class">
              <div class="chronological-class-name">com.capstone.tests.E2ERegisterTest</div> <!-- chronological-class-name -->
              <div class="configuration-method before">
                <span class="method-name">setUp(public void com.capstone.tests.E2ERegisterTest.testEndToEndEcommerceFlow() throws java.lang.Interrup...)</span>
                <span class="method-start">203254 ms</span>
              </div> <!-- configuration-method before -->
              <div class="test-method">
                <span class="method-name">testEndToEndEcommerceFlow</span>
                <span class="method-start">206190 ms</span>
              </div> <!-- test-method -->
              <div class="configuration-method after">
                <span class="method-name">logResult([TestResult name=testEndToEndEcommerceFlow status=SUCCESS method=E2ERegisterTest.testEndToEndEcommer...)</span>
                <span class="method-start">302082 ms</span>
              </div> <!-- configuration-method after -->
            </div> <!-- chronological-class -->
            <div class="chronological-class">
              <div class="chronological-class-name">com.capstone.tests.ProductSearchTest</div> <!-- chronological-class-name -->
              <div class="configuration-method before">
                <span class="method-name">setUp(public void com.capstone.tests.ProductSearchTest.loginTest() throws java.lang.InterruptedException)</span>
                <span class="method-start">302324 ms</span>
              </div> <!-- configuration-method before -->
              <div class="test-method">
                <img src="failed.png">
                </img>
                <span class="method-name">loginTest</span>
                <span class="method-start">304831 ms</span>
              </div> <!-- test-method -->
              <div class="configuration-method after">
                <span class="method-name">logResult([TestResult name=loginTest status=FAILURE method=ProductSearchTest.loginTest()[pri:0, instance:com.c...)</span>
                <span class="method-start">320177 ms</span>
              </div> <!-- configuration-method after -->
            </div> <!-- chronological-class -->
            <div class="chronological-class">
              <div class="chronological-class-name">com.capstone.tests.LoginTest</div> <!-- chronological-class-name -->
              <div class="configuration-suite after">
                <span class="method-name">tearDownReport</span>
                <span class="method-start">320458 ms</span>
              </div> <!-- configuration-suite after -->
          </div> <!-- main-panel-content rounded-window-bottom -->
        </div> <!-- panel -->
      </div> <!-- main-panel-root -->
    </div> <!-- wrapper -->
  </body>
<script type="text/javascript" src="testng-reports2.js"></script>
</html>
